2025-11-24 22:36:13 | ERROR    | utils.logger:error:191 - Failed to get info: Missing shimmy installation. You provided an OpenAI Gym environment. Stable-Baselines3 (SB3) has transitioned to using Gymnasium internally. In order to use OpenAI Gym environments with SB3, you need to install shimmy (`pip install 'shimmy>=2.0'`).
2025-11-24 22:36:13 | ERROR    | utils.logger:error:192 - Missing shimmy installation. You provided an OpenAI Gym environment. Stable-Baselines3 (SB3) has transitioned to using Gymnasium internally. In order to use OpenAI Gym environments with SB3, you need to install shimmy (`pip install 'shimmy>=2.0'`).
Traceback (most recent call last):

  File "C:\Users\rafag\AppData\Local\Packages\PythonSoftwareFoundation.Python.3.12_qbz5n2kfra8p0\LocalCache\local-packages\Python312\site-packages\stable_baselines3\common\vec_env\patch_gym.py", line 40, in _patch_env
    import shimmy

ModuleNotFoundError: No module named 'shimmy'


The above exception was the direct cause of the following exception:


Traceback (most recent call last):

  File "C:\Users\rafag\Desktop\Taurus\cli.py", line 325, in <module>
    cli()
    └ <Group cli>

  File "C:\Users\rafag\AppData\Local\Packages\PythonSoftwareFoundation.Python.3.12_qbz5n2kfra8p0\LocalCache\local-packages\Python312\site-packages\click\core.py", line 1161, in __call__
    return self.main(*args, **kwargs)
           │    │     │       └ {}
           │    │     └ ()
           │    └ <function BaseCommand.main at 0x0000027B4F387EC0>
           └ <Group cli>
  File "C:\Users\rafag\AppData\Local\Packages\PythonSoftwareFoundation.Python.3.12_qbz5n2kfra8p0\LocalCache\local-packages\Python312\site-packages\click\core.py", line 1082, in main
    rv = self.invoke(ctx)
         │    │      └ <click.core.Context object at 0x0000027B4F2B1880>
         │    └ <function MultiCommand.invoke at 0x0000027B4F399120>
         └ <Group cli>
  File "C:\Users\rafag\AppData\Local\Packages\PythonSoftwareFoundation.Python.3.12_qbz5n2kfra8p0\LocalCache\local-packages\Python312\site-packages\click\core.py", line 1697, in invoke
    return _process_result(sub_ctx.command.invoke(sub_ctx))
           │               │       │       │      └ <click.core.Context object at 0x0000027B7E87E4E0>
           │               │       │       └ <function Command.invoke at 0x0000027B4F398AE0>
           │               │       └ <Command info>
           │               └ <click.core.Context object at 0x0000027B7E87E4E0>
           └ <function MultiCommand.invoke.<locals>._process_result at 0x0000027B4F07B920>
  File "C:\Users\rafag\AppData\Local\Packages\PythonSoftwareFoundation.Python.3.12_qbz5n2kfra8p0\LocalCache\local-packages\Python312\site-packages\click\core.py", line 1443, in invoke
    return ctx.invoke(self.callback, **ctx.params)
           │   │      │    │           │   └ {}
           │   │      │    │           └ <click.core.Context object at 0x0000027B7E87E4E0>
           │   │      │    └ <function info at 0x0000027B1029A840>
           │   │      └ <Command info>
           │   └ <function Context.invoke at 0x0000027B4F387420>
           └ <click.core.Context object at 0x0000027B7E87E4E0>
  File "C:\Users\rafag\AppData\Local\Packages\PythonSoftwareFoundation.Python.3.12_qbz5n2kfra8p0\LocalCache\local-packages\Python312\site-packages\click\core.py", line 788, in invoke
    return __callback(*args, **kwargs)
                       │       └ {}
                       └ ()

> File "C:\Users\rafag\Desktop\Taurus\cli.py", line 294, in info
    ml_engine = get_ml_engine()
                └ <function get_ml_engine at 0x0000027B6579F100>

  File "C:\Users\rafag\Desktop\Taurus\ml_engine.py", line 306, in get_ml_engine
    _ml_engine = MLEngine()
                 └ <class 'ml_engine.MLEngine'>

  File "C:\Users\rafag\Desktop\Taurus\ml_engine.py", line 29, in __init__
    self.rl_agent = RLEvasionAgent(
    │               └ <class 'models.rl_evasion.RLEvasionAgent'>
    └ <ml_engine.MLEngine object at 0x0000027B10248B30>

  File "C:\Users\rafag\Desktop\Taurus\models\rl_evasion.py", line 238, in __init__
    self.agent = PPO(
    │            └ <class 'stable_baselines3.ppo.ppo.PPO'>
    └ <models.rl_evasion.RLEvasionAgent object at 0x0000027B1024B050>

  File "C:\Users\rafag\AppData\Local\Packages\PythonSoftwareFoundation.Python.3.12_qbz5n2kfra8p0\LocalCache\local-packages\Python312\site-packages\stable_baselines3\ppo\ppo.py", line 109, in __init__
    super().__init__(
  File "C:\Users\rafag\AppData\Local\Packages\PythonSoftwareFoundation.Python.3.12_qbz5n2kfra8p0\LocalCache\local-packages\Python312\site-packages\stable_baselines3\common\on_policy_algorithm.py", line 86, in __init__
    super().__init__(
  File "C:\Users\rafag\AppData\Local\Packages\PythonSoftwareFoundation.Python.3.12_qbz5n2kfra8p0\LocalCache\local-packages\Python312\site-packages\stable_baselines3\common\base_class.py", line 170, in __init__
    env = self._wrap_env(env, self.verbose, monitor_wrapper)
          │    │         │    │    │        └ True
          │    │         │    │    └ 1
          │    │         │    └ <stable_baselines3.ppo.ppo.PPO object at 0x0000027B7EC76720>
          │    │         └ <models.rl_evasion.EvasionEnvironment object at 0x0000027B10230E00>
          │    └ <staticmethod(<function BaseAlgorithm._wrap_env at 0x0000027B72BD5080>)>
          └ <stable_baselines3.ppo.ppo.PPO object at 0x0000027B7EC76720>
  File "C:\Users\rafag\AppData\Local\Packages\PythonSoftwareFoundation.Python.3.12_qbz5n2kfra8p0\LocalCache\local-packages\Python312\site-packages\stable_baselines3\common\base_class.py", line 217, in _wrap_env
    env = _patch_env(env)
          │          └ <models.rl_evasion.EvasionEnvironment object at 0x0000027B10230E00>
          └ <function _patch_env at 0x0000027B72773380>
  File "C:\Users\rafag\AppData\Local\Packages\PythonSoftwareFoundation.Python.3.12_qbz5n2kfra8p0\LocalCache\local-packages\Python312\site-packages\stable_baselines3\common\vec_env\patch_gym.py", line 42, in _patch_env
    raise ImportError(

ImportError: Missing shimmy installation. You provided an OpenAI Gym environment. Stable-Baselines3 (SB3) has transitioned to using Gymnasium internally. In order to use OpenAI Gym environments with SB3, you need to install shimmy (`pip install 'shimmy>=2.0'`).
