2025-11-24 22:36:13 | INFO     | utils.logger:info - Safety controls enabled
2025-11-24 22:36:13 | INFO     | utils.logger:info - ML Malware Generator v1.0.0
2025-11-24 22:36:13 | INFO     | utils.logger:info - Initializing ML Engine...
2025-11-24 22:36:13 | INFO     | utils.logger:info - Initialized MalwareGAN on device: cpu
2025-11-24 22:36:13 | ERROR    | utils.logger:error - Failed to get info: Missing shimmy installation. You provided an OpenAI Gym environment. Stable-Baselines3 (SB3) has transitioned to using Gymnasium internally. In order to use OpenAI Gym environments with SB3, you need to install shimmy (`pip install 'shimmy>=2.0'`).
2025-11-24 22:36:13 | ERROR    | utils.logger:error - Missing shimmy installation. You provided an OpenAI Gym environment. Stable-Baselines3 (SB3) has transitioned to using Gymnasium internally. In order to use OpenAI Gym environments with SB3, you need to install shimmy (`pip install 'shimmy>=2.0'`).
Traceback (most recent call last):

  File "C:\Users\rafag\AppData\Local\Packages\PythonSoftwareFoundation.Python.3.12_qbz5n2kfra8p0\LocalCache\local-packages\Python312\site-packages\stable_baselines3\common\vec_env\patch_gym.py", line 40, in _patch_env
    import shimmy

ModuleNotFoundError: No module named 'shimmy'


The above exception was the direct cause of the following exception:


Traceback (most recent call last):

  File "C:\Users\rafag\Desktop\Taurus\cli.py", line 325, in <module>
    cli()
    └ <Group cli>

  File "C:\Users\rafag\AppData\Local\Packages\PythonSoftwareFoundation.Python.3.12_qbz5n2kfra8p0\LocalCache\local-packages\Python312\site-packages\click\core.py", line 1161, in __call__
    return self.main(*args, **kwargs)
           │    │     │       └ {}
           │    │     └ ()
           │    └ <function BaseCommand.main at 0x0000027B4F387EC0>
           └ <Group cli>
  File "C:\Users\rafag\AppData\Local\Packages\PythonSoftwareFoundation.Python.3.12_qbz5n2kfra8p0\LocalCache\local-packages\Python312\site-packages\click\core.py", line 1082, in main
    rv = self.invoke(ctx)
         │    │      └ <click.core.Context object at 0x0000027B4F2B1880>
         │    └ <function MultiCommand.invoke at 0x0000027B4F399120>
         └ <Group cli>
  File "C:\Users\rafag\AppData\Local\Packages\PythonSoftwareFoundation.Python.3.12_qbz5n2kfra8p0\LocalCache\local-packages\Python312\site-packages\click\core.py", line 1697, in invoke
    return _process_result(sub_ctx.command.invoke(sub_ctx))
           │               │       │       │      └ <click.core.Context object at 0x0000027B7E87E4E0>
           │               │       │       └ <function Command.invoke at 0x0000027B4F398AE0>
           │               │       └ <Command info>
           │               └ <click.core.Context object at 0x0000027B7E87E4E0>
           └ <function MultiCommand.invoke.<locals>._process_result at 0x0000027B4F07B920>
  File "C:\Users\rafag\AppData\Local\Packages\PythonSoftwareFoundation.Python.3.12_qbz5n2kfra8p0\LocalCache\local-packages\Python312\site-packages\click\core.py", line 1443, in invoke
    return ctx.invoke(self.callback, **ctx.params)
           │   │      │    │           │   └ {}
           │   │      │    │           └ <click.core.Context object at 0x0000027B7E87E4E0>
           │   │      │    └ <function info at 0x0000027B1029A840>
           │   │      └ <Command info>
           │   └ <function Context.invoke at 0x0000027B4F387420>
           └ <click.core.Context object at 0x0000027B7E87E4E0>
  File "C:\Users\rafag\AppData\Local\Packages\PythonSoftwareFoundation.Python.3.12_qbz5n2kfra8p0\LocalCache\local-packages\Python312\site-packages\click\core.py", line 788, in invoke
    return __callback(*args, **kwargs)
                       │       └ {}
                       └ ()

> File "C:\Users\rafag\Desktop\Taurus\cli.py", line 294, in info
    ml_engine = get_ml_engine()
                └ <function get_ml_engine at 0x0000027B6579F100>

  File "C:\Users\rafag\Desktop\Taurus\ml_engine.py", line 306, in get_ml_engine
    _ml_engine = MLEngine()
                 └ <class 'ml_engine.MLEngine'>

  File "C:\Users\rafag\Desktop\Taurus\ml_engine.py", line 29, in __init__
    self.rl_agent = RLEvasionAgent(
    │               └ <class 'models.rl_evasion.RLEvasionAgent'>
    └ <ml_engine.MLEngine object at 0x0000027B10248B30>

  File "C:\Users\rafag\Desktop\Taurus\models\rl_evasion.py", line 238, in __init__
    self.agent = PPO(
    │            └ <class 'stable_baselines3.ppo.ppo.PPO'>
    └ <models.rl_evasion.RLEvasionAgent object at 0x0000027B1024B050>

  File "C:\Users\rafag\AppData\Local\Packages\PythonSoftwareFoundation.Python.3.12_qbz5n2kfra8p0\LocalCache\local-packages\Python312\site-packages\stable_baselines3\ppo\ppo.py", line 109, in __init__
    super().__init__(
  File "C:\Users\rafag\AppData\Local\Packages\PythonSoftwareFoundation.Python.3.12_qbz5n2kfra8p0\LocalCache\local-packages\Python312\site-packages\stable_baselines3\common\on_policy_algorithm.py", line 86, in __init__
    super().__init__(
  File "C:\Users\rafag\AppData\Local\Packages\PythonSoftwareFoundation.Python.3.12_qbz5n2kfra8p0\LocalCache\local-packages\Python312\site-packages\stable_baselines3\common\base_class.py", line 170, in __init__
    env = self._wrap_env(env, self.verbose, monitor_wrapper)
          │    │         │    │    │        └ True
          │    │         │    │    └ 1
          │    │         │    └ <stable_baselines3.ppo.ppo.PPO object at 0x0000027B7EC76720>
          │    │         └ <models.rl_evasion.EvasionEnvironment object at 0x0000027B10230E00>
          │    └ <staticmethod(<function BaseAlgorithm._wrap_env at 0x0000027B72BD5080>)>
          └ <stable_baselines3.ppo.ppo.PPO object at 0x0000027B7EC76720>
  File "C:\Users\rafag\AppData\Local\Packages\PythonSoftwareFoundation.Python.3.12_qbz5n2kfra8p0\LocalCache\local-packages\Python312\site-packages\stable_baselines3\common\base_class.py", line 217, in _wrap_env
    env = _patch_env(env)
          │          └ <models.rl_evasion.EvasionEnvironment object at 0x0000027B10230E00>
          └ <function _patch_env at 0x0000027B72773380>
  File "C:\Users\rafag\AppData\Local\Packages\PythonSoftwareFoundation.Python.3.12_qbz5n2kfra8p0\LocalCache\local-packages\Python312\site-packages\stable_baselines3\common\vec_env\patch_gym.py", line 42, in _patch_env
    raise ImportError(

ImportError: Missing shimmy installation. You provided an OpenAI Gym environment. Stable-Baselines3 (SB3) has transitioned to using Gymnasium internally. In order to use OpenAI Gym environments with SB3, you need to install shimmy (`pip install 'shimmy>=2.0'`).
2025-11-25 15:24:13 | INFO     | utils.logger:info - Saved profile: test_profile
2025-11-25 15:24:13 | INFO     | utils.logger:info - Loaded profile: test_profile
2025-11-25 15:24:13 | INFO     | utils.logger:info - Deleted profile: test_profile
2025-11-25 15:24:13 | INFO     | utils.logger:info - Processing payload 1/2
2025-11-25 15:24:13 | INFO     | utils.logger:info - Generating TCP reverse shell for windows/x64
2025-11-25 15:24:13 | SUCCESS  | utils.logger:success - Generated reverse shell payload (26 bytes)
2025-11-25 15:24:13 | INFO     | utils.logger:info - Obfuscating payload (level=3)
2025-11-25 15:24:13 | DEBUG    | utils.logger:debug - Applied variable_renaming
2025-11-25 15:24:13 | DEBUG    | utils.logger:debug - Applied dead_code_insertion
2025-11-25 15:24:13 | DEBUG    | utils.logger:debug - Applied metamorphic_transform
2025-11-25 15:24:13 | SUCCESS  | utils.logger:success - Obfuscation complete (3 techniques applied)
2025-11-25 15:24:13 | INFO     | utils.logger:info - Saved payload to C:\Users\rafag\AppData\Local\Temp\tmp6zgol1l4\payload_1.bin
2025-11-25 15:24:13 | INFO     | utils.logger:info - Processing payload 2/2
2025-11-25 15:24:13 | INFO     | utils.logger:info - Generating TCP reverse shell for linux/x64
2025-11-25 15:24:13 | SUCCESS  | utils.logger:success - Generated reverse shell payload (26 bytes)
2025-11-25 15:24:13 | INFO     | utils.logger:info - Obfuscating payload (level=5)
2025-11-25 15:24:13 | DEBUG    | utils.logger:debug - Applied metamorphic_transform
2025-11-25 15:24:13 | DEBUG    | utils.logger:debug - Applied instruction_substitution
2025-11-25 15:24:13 | DEBUG    | utils.logger:debug - Applied opaque_predicates
2025-11-25 15:24:13 | DEBUG    | utils.logger:debug - Applied code_obfuscation
2025-11-25 15:24:13 | DEBUG    | utils.logger:debug - Applied dead_code_insertion
2025-11-25 15:24:13 | SUCCESS  | utils.logger:success - Obfuscation complete (5 techniques applied)
2025-11-25 15:24:13 | INFO     | utils.logger:info - Saved payload to C:\Users\rafag\AppData\Local\Temp\tmp6zgol1l4\payload_2.bin
2025-11-25 15:24:13 | SUCCESS  | utils.logger:success - Batch processing complete: 2 payloads
2025-11-25 15:24:43 | INFO     | utils.logger:info - Saved profile: test_profile
2025-11-25 15:24:43 | INFO     | utils.logger:info - Loaded profile: test_profile
2025-11-25 15:24:43 | INFO     | utils.logger:info - Deleted profile: test_profile
2025-11-25 15:24:43 | INFO     | utils.logger:info - Processing payload 1/2
2025-11-25 15:24:43 | INFO     | utils.logger:info - Generating TCP reverse shell for windows/x64
2025-11-25 15:24:43 | SUCCESS  | utils.logger:success - Generated reverse shell payload (26 bytes)
2025-11-25 15:24:43 | INFO     | utils.logger:info - Obfuscating payload (level=3)
2025-11-25 15:24:43 | DEBUG    | utils.logger:debug - Applied instruction_substitution
2025-11-25 15:24:43 | DEBUG    | utils.logger:debug - Applied code_obfuscation
2025-11-25 15:24:43 | DEBUG    | utils.logger:debug - Applied dead_code_insertion
2025-11-25 15:24:43 | SUCCESS  | utils.logger:success - Obfuscation complete (3 techniques applied)
2025-11-25 15:24:43 | INFO     | utils.logger:info - Saved payload to C:\Users\rafag\AppData\Local\Temp\tmp6uhrxm2a\payload_1.bin
2025-11-25 15:24:43 | INFO     | utils.logger:info - Processing payload 2/2
2025-11-25 15:24:43 | INFO     | utils.logger:info - Generating TCP reverse shell for linux/x64
2025-11-25 15:24:43 | SUCCESS  | utils.logger:success - Generated reverse shell payload (26 bytes)
2025-11-25 15:24:43 | INFO     | utils.logger:info - Obfuscating payload (level=5)
2025-11-25 15:24:43 | DEBUG    | utils.logger:debug - Applied instruction_substitution
2025-11-25 15:24:43 | DEBUG    | utils.logger:debug - Applied metamorphic_transform
2025-11-25 15:24:43 | DEBUG    | utils.logger:debug - Applied control_flow_flattening
2025-11-25 15:24:43 | DEBUG    | utils.logger:debug - Applied junk_code_generation
2025-11-25 15:24:43 | DEBUG    | utils.logger:debug - Applied api_hashing
2025-11-25 15:24:43 | SUCCESS  | utils.logger:success - Obfuscation complete (5 techniques applied)
2025-11-25 15:24:43 | INFO     | utils.logger:info - Saved payload to C:\Users\rafag\AppData\Local\Temp\tmp6uhrxm2a\payload_2.bin
2025-11-25 15:24:43 | SUCCESS  | utils.logger:success - Batch processing complete: 2 payloads
2025-11-25 15:29:35 | INFO     | utils.logger:info - Saved profile: test_demo
2025-11-25 15:29:35 | INFO     | utils.logger:info - Loaded profile: test_demo
2025-11-25 15:29:35 | INFO     | utils.logger:info - Deleted profile: test_demo
2025-11-25 15:48:55 | SUCCESS  | utils.logger:success - Code obfuscated at level 5
2025-11-25 15:48:55 | INFO     | utils.logger:info - Generated 10 variants...
2025-11-25 15:48:55 | SUCCESS  | utils.logger:success - Generated 10 unique variants
2025-11-25 15:49:41 | SUCCESS  | utils.logger:success - Code obfuscated at level 5
2025-11-25 15:49:41 | INFO     | utils.logger:info - Generated 10 variants...
2025-11-25 15:49:41 | SUCCESS  | utils.logger:success - Generated 10 unique variants
2025-11-25 15:50:28 | INFO     | utils.logger:info - Syscall numbers resolved
2025-11-25 15:50:28 | INFO     | utils.logger:info - VM Detection: 0/15 checks triggered
2025-11-25 15:50:28 | SUCCESS  | utils.logger:success - Code obfuscated at level 5
2025-11-25 15:50:28 | INFO     | utils.logger:info - Generated 10 variants...
2025-11-25 15:50:28 | SUCCESS  | utils.logger:success - Generated 10 unique variants
2025-11-25 15:50:28 | INFO     | utils.logger:info - VM Detection: 0/15 checks triggered
2025-11-25 15:50:28 | INFO     | utils.logger:info - Generated 10 variants...
2025-11-25 15:50:28 | SUCCESS  | utils.logger:success - Generated 10 unique variants
2025-11-25 15:56:10 | INFO     | utils.logger:info - Syscall numbers resolved
2025-11-25 15:56:10 | INFO     | utils.logger:info - VM Detection: 0/15 checks triggered
2025-11-25 15:56:10 | SUCCESS  | utils.logger:success - Generated 5 unique variants
2025-11-25 15:56:10 | INFO     | utils.logger:info - VM Detection: 0/15 checks triggered
2025-11-25 16:00:12 | INFO     | utils.logger:info - Syscall numbers resolved
2025-11-25 16:00:12 | INFO     | utils.logger:info - VM Detection: 0/15 checks triggered
2025-11-25 16:00:12 | SUCCESS  | utils.logger:success - Generated 5 unique variants
2025-11-25 16:00:12 | INFO     | utils.logger:info - VM Detection: 0/15 checks triggered
2025-11-25 16:04:39 | INFO     | utils.logger:info - Generating ML-optimized payload...
2025-11-25 16:04:39 | SUCCESS  | utils.logger:success - ML-optimized payload generated
2025-11-25 16:04:39 | INFO     | utils.logger:info - Training episode 1, reward: 0.700
2025-11-25 16:04:39 | INFO     | utils.logger:info - Starting evolutionary optimization (5 generations)...
2025-11-25 16:04:39 | INFO     | utils.logger:info - Generation 1/5: Best fitness = 0.9000
2025-11-25 16:04:39 | INFO     | utils.logger:info - Generation 2/5: Best fitness = 0.9000
2025-11-25 16:04:39 | INFO     | utils.logger:info - Generation 3/5: Best fitness = 0.9000
2025-11-25 16:04:39 | INFO     | utils.logger:info - Generation 4/5: Best fitness = 0.9000
2025-11-25 16:04:39 | INFO     | utils.logger:info - Generation 5/5: Best fitness = 0.9000
2025-11-25 16:04:39 | SUCCESS  | utils.logger:success - Optimization complete. Best fitness: 0.9000
2025-11-25 16:04:39 | INFO     | utils.logger:info - Starting evolutionary optimization (5 generations)...
2025-11-25 16:04:39 | INFO     | utils.logger:info - Generation 1/5: Best fitness = 0.9600
2025-11-25 16:04:39 | INFO     | utils.logger:info - Generation 2/5: Best fitness = 0.9600
2025-11-25 16:04:39 | INFO     | utils.logger:info - Generation 3/5: Best fitness = 0.9800
2025-11-25 16:04:39 | INFO     | utils.logger:info - Generation 4/5: Best fitness = 0.9900
2025-11-25 16:04:39 | INFO     | utils.logger:info - Generation 5/5: Best fitness = 0.9900
2025-11-25 16:04:39 | SUCCESS  | utils.logger:success - Optimization complete. Best fitness: 0.9800
2025-11-25 16:06:24 | INFO     | utils.logger:info - Generating ML-optimized payload...
2025-11-25 16:06:24 | SUCCESS  | utils.logger:success - ML-optimized payload generated
2025-11-25 16:06:24 | INFO     | utils.logger:info - Training episode 1, reward: 0.700
2025-11-25 16:06:24 | INFO     | utils.logger:info - Starting evolutionary optimization (5 generations)...
2025-11-25 16:06:24 | INFO     | utils.logger:info - Generation 1/5: Best fitness = 0.9000
2025-11-25 16:06:24 | INFO     | utils.logger:info - Generation 2/5: Best fitness = 0.9000
2025-11-25 16:06:24 | INFO     | utils.logger:info - Generation 3/5: Best fitness = 0.9000
2025-11-25 16:06:24 | INFO     | utils.logger:info - Generation 4/5: Best fitness = 0.9000
2025-11-25 16:06:24 | INFO     | utils.logger:info - Generation 5/5: Best fitness = 0.9000
2025-11-25 16:06:24 | SUCCESS  | utils.logger:success - Optimization complete. Best fitness: 0.9000
2025-11-25 16:06:24 | INFO     | utils.logger:info - Starting evolutionary optimization (5 generations)...
2025-11-25 16:06:24 | INFO     | utils.logger:info - Generation 1/5: Best fitness = 0.9600
2025-11-25 16:06:24 | INFO     | utils.logger:info - Generation 2/5: Best fitness = 0.9600
2025-11-25 16:06:24 | INFO     | utils.logger:info - Generation 3/5: Best fitness = 0.9800
2025-11-25 16:06:24 | INFO     | utils.logger:info - Generation 4/5: Best fitness = 0.9900
2025-11-25 16:06:24 | INFO     | utils.logger:info - Generation 5/5: Best fitness = 0.9900
2025-11-25 16:06:24 | SUCCESS  | utils.logger:success - Optimization complete. Best fitness: 0.9800
